\BOOKMARK [1][-]{section.1}{\376\377\004\022\004\062\004\065\004\064\004\065\004\075\004\070\004\065}{}% 1
\BOOKMARK [2][-]{subsection.1.1}{\376\377\004\037\004\100\004\076\004\061\004\073\004\065\004\074\004\060\000\040\004\072\004\062\004\060\004\075\004\102\004\076\004\062\004\076\004\071\000\040\004\063\004\100\004\060\004\062\004\070\004\102\004\060\004\106\004\070\004\070}{section.1}% 2
\BOOKMARK [2][-]{subsection.1.2}{\376\377\004\023\004\076\004\073\004\076\004\063\004\100\004\060\004\104\004\070\004\107\004\065\004\101\004\072\004\070\004\071\000\040\004\077\004\100\004\070\004\075\004\106\004\070\004\077\000\040\004\070\000\040\004\070\004\075\004\104\004\076\004\100\004\074\004\060\004\106\004\070\004\076\004\075\004\075\004\060\004\117\000\040\004\076\004\075\004\102\004\076\004\073\004\076\004\063\004\070\004\117}{section.1}% 3
\BOOKMARK [2][-]{subsection.1.3}{\376\377\004\055\004\074\004\065\004\100\004\064\004\066\004\065\004\075\004\102\004\075\004\060\004\117\000\040\004\063\004\100\004\060\004\062\004\070\004\102\004\060\004\106\004\070\004\117\000:\000\040\004\076\004\061\004\067\004\076\004\100\000\040\004\077\004\076\004\064\004\105\004\076\004\064\004\076\004\062}{section.1}% 4
\BOOKMARK [2][-]{subsection.1.4}{\376\377\004\035\004\060\004\110\000\040\004\077\004\076\004\064\004\105\004\076\004\064\000:\000\040\004\072\004\076\004\075\004\101\004\065\004\075\004\101\004\103\004\101\004\075\004\060\004\117\000\040\004\072\004\062\004\060\004\075\004\102\004\076\004\062\004\060\004\117\000\040\004\076\004\075\004\102\004\076\004\073\004\076\004\063\004\070\004\117}{section.1}% 5
\BOOKMARK [2][-]{subsection.1.5}{\376\377\004\041\004\062\004\117\004\067\004\114\000\040\004\101\000\040\004\077\004\100\004\065\004\064\004\113\004\064\004\103\004\111\004\070\004\074\004\070\000\040\004\100\004\060\004\061\004\076\004\102\004\060\004\074\004\070\000\040\004\060\004\062\004\102\004\076\004\100\004\060}{section.1}% 6
\BOOKMARK [2][-]{subsection.1.6}{\376\377\004\041\004\102\004\100\004\060\004\102\004\065\004\063\004\070\004\117\000\040\004\062\004\060\004\073\004\070\004\064\004\060\004\106\004\070\004\070}{section.1}% 7
\BOOKMARK [2][-]{subsection.1.7}{\376\377\004\041\004\102\004\100\004\103\004\072\004\102\004\103\004\100\004\060\000\040\004\101\004\102\004\060\004\102\004\114\004\070}{section.1}% 8
\BOOKMARK [1][-]{section.2}{\376\377\004\036\004\075\004\102\004\076\004\073\004\076\004\063\004\070\004\107\004\065\004\101\004\072\004\070\004\071\000\040\004\104\004\103\004\075\004\064\004\060\004\074\004\065\004\075\004\102}{}% 9
\BOOKMARK [2][-]{subsection.2.1}{\376\377\004\044\004\103\004\075\004\064\004\060\004\074\004\065\004\075\004\102\004\060\004\073\004\114\004\075\004\113\004\071\000\040\004\077\004\076\004\101\004\102\004\103\004\073\004\060\004\102\000:\000\040\004\072\004\062\004\060\004\075\004\102\000\040\004\100\004\060\004\067\004\073\004\070\004\107\004\065\004\075\004\070\004\117}{section.2}% 10
\BOOKMARK [3][-]{subsubsection.2.1.1}{\376\377\004\044\004\076\004\100\004\074\004\103\004\073\004\070\004\100\004\076\004\062\004\072\004\060\000\040\004\077\004\100\004\070\004\075\004\106\004\070\004\077\004\060}{subsection.2.1}% 11
\BOOKMARK [3][-]{subsubsection.2.1.2}{\376\377\004\022\004\113\004\062\004\076\004\064\000\040\004\104\004\103\004\075\004\064\004\060\004\074\004\065\004\075\004\102\004\060\004\073\004\114\004\075\004\113\004\105\000\040\004\072\004\076\004\075\004\101\004\102\004\060\004\075\004\102}{subsection.2.1}% 12
\BOOKMARK [3][-]{subsubsection.2.1.3}{\376\377\004\032\004\060\004\073\004\070\004\061\004\100\004\076\004\062\004\072\004\060\000\040\000\040\004\072\004\060\004\072\000\040\004\101\004\073\004\065\004\064\004\101\004\102\004\062\004\070\004\065\000\040\004\100\004\060\004\067\004\073\004\070\004\107\004\065\004\075\004\070\004\117}{subsection.2.1}% 13
\BOOKMARK [3][-]{subsubsection.2.1.4}{\376\377\004\040\004\065\004\067\004\116\004\074\004\065}{subsection.2.1}% 14
\BOOKMARK [2][-]{subsection.2.2}{\376\377\004\020\004\061\004\101\004\076\004\073\004\116\004\102\000\040\004\072\004\060\004\072\000\040\004\100\004\065\004\104\004\065\004\100\004\065\004\075\004\102\004\075\004\076\004\065\000\040\004\101\004\076\004\101\004\102\004\076\004\117\004\075\004\070\004\065\000\040\004\074\004\060\004\072\004\101\004\070\004\074\004\060\004\073\004\114\004\075\004\076\004\071\000\040\004\115\004\075\004\102\004\100\004\076\004\077\004\070\004\070}{section.2}% 15
\BOOKMARK [2][-]{subsection.2.3}{\376\377\004\041\004\103\004\061\004\102\004\100\004\060\004\072\004\106\004\070\004\117\000\040\004\072\004\060\004\072\000\040\004\064\004\070\004\104\004\104\004\065\004\100\004\065\004\075\004\106\004\070\004\060\004\106\004\070\004\117}{section.2}% 16
\BOOKMARK [2][-]{subsection.2.4}{\376\377\004\032\004\076\004\075\004\101\004\065\004\075\004\101\004\103\004\101\004\075\004\076\004\065\000\040\004\077\004\076\004\073\004\065\000:\000\040\004\101\004\102\004\100\004\076\004\063\004\060\004\117\000\040\004\104\004\076\004\100\004\074\004\103\004\073\004\070\004\100\004\076\004\062\004\072\004\060}{section.2}% 17
\BOOKMARK [3][-]{subsubsection.2.4.1}{\376\377\004\036\004\077\004\100\004\065\004\064\004\065\004\073\004\065\004\075\004\070\004\065\000\040\004\101\004\076\000\040\004\101\004\063\004\073\004\060\004\066\004\070\004\062\004\060\004\075\004\070\004\065\004\074}{subsection.2.4}% 18
\BOOKMARK [3][-]{subsubsection.2.4.2}{\376\377\004\040\004\060\004\067\004\073\004\076\004\066\004\065\004\075\004\070\004\065\000\040\004\075\004\060\000\040\004\070\004\075\004\102\004\065\004\075\004\101\004\070\004\062\004\075\004\076\004\101\004\102\004\114\000\040\004\070\000\040\004\075\004\076\004\100\004\074\004\070\004\100\004\076\004\062\004\060\004\075\004\075\004\076\004\065\000\040\004\101\004\076\004\101\004\102\004\076\004\117\004\075\004\070\004\065}{subsection.2.4}% 19
\BOOKMARK [3][-]{subsubsection.2.4.3}{\376\377\004\041\004\062\004\117\004\067\004\114\000\040\004\101\000\040\004\077\004\076\004\073\004\065\004\074\000\040}{subsection.2.4}% 20
\BOOKMARK [2][-]{subsection.2.5}{\376\377\004\040\004\065\004\110\004\065\004\075\004\070\004\065\000\040\004\077\004\100\004\076\004\061\004\073\004\065\004\074\004\113\000\040\004\106\004\070\004\100\004\072\004\103\004\073\004\117\004\100\004\075\004\076\004\101\004\102\004\070}{section.2}% 21
\BOOKMARK [3][-]{subsubsection.2.5.1}{\376\377\004\037\004\076\004\101\004\102\004\060\004\075\004\076\004\062\004\072\004\060\000\040\004\077\004\100\004\076\004\061\004\073\004\065\004\074\004\113}{subsection.2.5}% 22
\BOOKMARK [3][-]{subsubsection.2.5.2}{\376\377\004\030\004\102\004\065\004\100\004\060\004\102\004\070\004\062\004\075\004\060\004\117\000\040\004\101\004\060\004\074\004\076\004\101\004\076\004\063\004\073\004\060\004\101\004\076\004\062\004\060\004\075\004\075\004\076\004\101\004\102\004\114}{subsection.2.5}% 23
\BOOKMARK [2][-]{subsection.2.6}{\376\377\004\055\004\104\004\104\004\065\004\072\004\102\004\070\004\062\004\075\004\060\004\117\000\040\004\063\004\100\004\060\004\062\004\070\004\102\004\060\004\106\004\070\004\076\004\075\004\075\004\060\004\117\000\040\004\101\004\062\004\117\004\067\004\114}{section.2}% 24
\BOOKMARK [2][-]{subsection.2.7}{\376\377\004\040\004\065\004\067\004\116\004\074\004\065\000\040\004\076\004\075\004\102\004\076\004\073\004\076\004\063\004\070\004\070}{section.2}% 25
\BOOKMARK [1][-]{section.3}{\376\377\004\022\004\060\004\100\004\070\004\060\004\106\004\070\004\076\004\075\004\075\004\113\004\071\000\040\004\104\004\100\004\065\004\071\004\074\004\062\004\076\004\100\004\072}{}% 26
\BOOKMARK [2][-]{subsection.3.1}{\376\377\004\055\004\075\004\065\004\100\004\063\004\065\004\102\004\070\004\107\004\065\004\101\004\072\004\070\004\071\000\040\004\104\004\103\004\075\004\072\004\106\004\070\004\076\004\075\004\060\004\073}{section.3}% 27
\BOOKMARK [2][-]{subsection.3.2}{\376\377\004\022\004\113\004\062\004\076\004\064\000\040\004\103\004\100\004\060\004\062\004\075\004\065\004\075\004\070\004\117\000\040\004\037\004\103\004\060\004\101\004\101\004\076\004\075\004\060}{section.3}% 28
\BOOKMARK [2][-]{subsection.3.3}{\376\377\004\032\004\060\004\073\004\070\004\061\004\100\004\076\004\062\004\072\004\060\000\040\004\072\004\076\004\075\004\101\004\102\004\060\004\075\004\102\004\113\000\040\004\101\004\062\004\117\004\067\004\070}{section.3}% 29
\BOOKMARK [3][-]{subsubsection.3.3.1}{\376\377\004\030\004\064\004\065\004\075\004\102\004\070\004\104\004\070\004\072\004\060\004\106\004\070\004\117\000\040\004\063\004\100\004\060\004\062\004\070\004\102\004\060\004\106\004\070\004\076\004\075\004\075\004\076\004\063\004\076\000\040\004\077\004\076\004\102\004\065\004\075\004\106\004\070\004\060\004\073\004\060}{subsection.3.3}% 30
\BOOKMARK [3][-]{subsubsection.3.3.2}{\376\377\004\041\004\100\004\060\004\062\004\075\004\065\004\075\004\070\004\065\000\040\004\101\000\040\004\103\004\100\004\060\004\062\004\075\004\065\004\075\004\070\004\065\004\074\000\040\004\037\004\103\004\060\004\101\004\101\004\076\004\075\004\060\000\040\004\064\004\073\004\117\000\040\004\077\004\076\004\102\004\065\004\075\004\106\004\070\004\060\004\073\004\060}{subsection.3.3}% 31
\BOOKMARK [3][-]{subsubsection.3.3.3}{\376\377\004\047\004\070\004\101\004\073\004\065\004\075\004\075\004\076\004\065\000\040\004\067\004\075\004\060\004\107\004\065\004\075\004\070\004\065}{subsection.3.3}% 32
\BOOKMARK [2][-]{subsection.3.4}{\376\377\004\044\004\070\004\067\004\070\004\107\004\065\004\101\004\072\004\060\004\117\000\040\004\070\004\075\004\102\004\065\004\100\004\077\004\100\004\065\004\102\004\060\004\106\004\070\004\117}{section.3}% 33
\BOOKMARK [3][-]{subsubsection.3.4.1}{\376\377\004\023\004\100\004\060\004\062\004\070\004\102\004\060\004\106\004\070\004\117\000\040\004\072\004\060\004\072\000\040\004\106\004\065\004\075\004\060\000\040\004\067\004\060\000\040\004\076\004\102\004\072\004\073\004\076\004\075\004\065\004\075\004\070\004\065\000\040\004\076\004\102\000\040\004\020\004\061\004\101\004\076\004\073\004\116\004\102\004\060}{subsection.3.4}% 34
\BOOKMARK [3][-]{subsubsection.3.4.2}{\376\377\004\043\004\101\004\072\004\076\004\100\004\065\004\075\004\070\004\065\000\040\004\070\000\040\004\077\004\100\004\070\004\075\004\106\004\070\004\077\000\040\004\115\004\072\004\062\004\070\004\062\004\060\004\073\004\065\004\075\004\102\004\075\004\076\004\101\004\102\004\070}{subsection.3.4}% 35
\BOOKMARK [3][-]{subsubsection.3.4.3}{\376\377\004\041\004\062\004\117\004\067\004\114\000\040\004\101\000\040\004\072\004\076\004\075\004\101\004\065\004\075\004\101\004\103\004\101\004\075\004\113\004\074\000\040\004\077\004\076\004\073\004\065\004\074}{subsection.3.4}% 36
\BOOKMARK [2][-]{subsection.3.5}{\376\377\004\040\004\060\004\067\004\074\004\065\004\100\004\075\004\113\004\071\000\040\004\060\004\075\004\060\004\073\004\070\004\067}{section.3}% 37
\BOOKMARK [3][-]{subsubsection.3.5.1}{\376\377\004\044\004\103\004\075\004\072\004\106\004\070\004\076\004\075\004\060\004\073\000\040\004\115\004\075\004\065\004\100\004\063\004\070\004\070}{subsection.3.5}% 38
\BOOKMARK [3][-]{subsubsection.3.5.2}{\376\377\004\043\004\100\004\060\004\062\004\075\004\065\004\075\004\070\004\065\000\040\004\037\004\103\004\060\004\101\004\101\004\076\004\075\004\060}{subsection.3.5}% 39
\BOOKMARK [3][-]{subsubsection.3.5.3}{\376\377\004\023\004\100\004\060\004\062\004\070\004\102\004\060\004\106\004\070\004\076\004\075\004\075\004\113\004\071\000\040\004\077\004\076\004\102\004\065\004\075\004\106\004\070\004\060\004\073}{subsection.3.5}% 40
\BOOKMARK [3][-]{subsubsection.3.5.4}{\376\377\004\032\004\076\004\075\004\101\004\102\004\060\004\075\004\102\004\060\000\040\004\101\004\062\004\117\004\067\004\070}{subsection.3.5}% 41
\BOOKMARK [2][-]{subsection.3.6}{\376\377\004\040\004\065\004\110\004\065\004\075\004\070\004\065\000\040\004\064\004\073\004\117\000\040\004\102\004\076\004\107\004\065\004\107\004\075\004\076\004\071\000\040\004\074\004\060\004\101\004\101\004\113}{section.3}% 42
\BOOKMARK [2][-]{subsection.3.7}{\376\377\004\040\004\065\004\067\004\116\004\074\004\065\000\040\004\100\004\060\004\067\004\064\004\065\004\073\004\060}{section.3}% 43
\BOOKMARK [1][-]{section.4}{\376\377\004\041\004\073\004\060\004\061\004\076\004\077\004\076\004\073\004\065\004\062\004\076\004\071\000\040\004\077\004\100\004\065\004\064\004\065\004\073\000\040\004\070\000\040\004\076\004\077\004\102\004\070\004\107\004\065\004\101\004\072\004\070\004\065\000\040\004\115\004\104\004\104\004\065\004\072\004\102\004\113}{}% 44
\BOOKMARK [2][-]{subsection.4.1}{\376\377\004\037\004\060\004\100\004\060\004\074\004\065\004\102\004\100\004\070\004\067\004\076\004\062\004\060\004\075\004\075\004\060\004\117\000\040\004\077\004\076\004\101\004\102\000-\004\075\004\114\004\116\004\102\004\076\004\075\004\076\004\062\004\101\004\072\004\060\004\117\000\040\004\074\004\065\004\102\004\100\004\070\004\072\004\060}{section.4}% 45
\BOOKMARK [3][-]{subsubsection.4.1.1}{\376\377\000P\000P\000N\000-\004\104\004\076\004\100\004\074\004\060\004\073\004\070\004\067\004\074\000\040\004\062\000\040\004\101\004\073\004\060\004\061\004\076\004\074\000\040\004\077\004\076\004\073\004\065}{subsection.4.1}% 46
\BOOKMARK [3][-]{subsubsection.4.1.2}{\376\377\004\022\004\113\004\061\004\076\004\100\000\040\004\077\004\060\004\100\004\060\004\074\004\065\004\102\004\100\004\060\000\040}{subsection.4.1}% 47
\BOOKMARK [2][-]{subsection.4.2}{\376\377\004\023\004\100\004\060\004\062\004\070\004\102\004\060\004\106\004\070\004\076\004\075\004\075\004\076\004\065\000\040\004\073\004\070\004\075\004\067\004\070\004\100\004\076\004\062\004\060\004\075\004\070\004\065}{section.4}% 48
\BOOKMARK [3][-]{subsubsection.4.2.1}{\376\377\004\022\004\113\004\062\004\076\004\064\000\040\004\103\004\063\004\073\004\060\000\040\004\076\004\102\004\072\004\073\004\076\004\075\004\065\004\075\004\070\004\117}{subsection.4.2}% 49
\BOOKMARK [3][-]{subsubsection.4.2.2}{\376\377\004\022\004\113\004\100\004\060\004\066\004\065\004\075\004\070\004\065\000\040\004\107\004\065\004\100\004\065\004\067\000\040\004\077\004\076\004\073\004\065\000\040}{subsection.4.2}% 50
\BOOKMARK [3][-]{subsubsection.4.2.3}{\376\377\004\055\004\072\004\101\004\077\004\065\004\100\004\070\004\074\004\065\004\075\004\102\004\060\004\073\004\114\004\075\004\060\004\117\000\040\004\077\004\100\004\076\004\062\004\065\004\100\004\072\004\060}{subsection.4.2}% 51
\BOOKMARK [2][-]{subsection.4.3}{\376\377\004\027\004\060\004\064\004\065\004\100\004\066\004\072\004\060\000\040\004\050\004\060\004\077\004\070\004\100\004\076}{section.4}% 52
\BOOKMARK [3][-]{subsubsection.4.3.1}{\376\377\004\022\004\113\004\062\004\076\004\064\000\040\004\062\004\100\004\065\004\074\004\065\004\075\004\075\004\076\004\071\000\040\004\067\004\060\004\064\004\065\004\100\004\066\004\072\004\070}{subsection.4.3}% 53
\BOOKMARK [3][-]{subsubsection.4.3.2}{\376\377\004\055\004\072\004\101\004\077\004\065\004\100\004\070\004\074\004\065\004\075\004\102\004\060\004\073\004\114\004\075\004\060\004\117\000\040\004\077\004\100\004\076\004\062\004\065\004\100\004\072\004\060}{subsection.4.3}% 54
\BOOKMARK [2][-]{subsection.4.4}{\376\377\004\023\004\100\004\060\004\062\004\070\004\102\004\060\004\106\004\070\004\076\004\075\004\075\004\076\004\065\000\040\004\072\004\100\004\060\004\101\004\075\004\076\004\065\000\040\004\101\004\074\004\065\004\111\004\065\004\075\004\070\004\065}{section.4}% 55
\BOOKMARK [3][-]{subsubsection.4.4.1}{\376\377\004\022\004\113\004\062\004\076\004\064\000\040\004\070\004\067\000\040\004\074\004\065\004\102\004\100\004\070\004\072\004\070}{subsection.4.4}% 56
\BOOKMARK [3][-]{subsubsection.4.4.2}{\376\377\004\055\004\072\004\101\004\077\004\065\004\100\004\070\004\074\004\065\004\075\004\102\004\060\004\073\004\114\004\075\004\060\004\117\000\040\004\077\004\100\004\076\004\062\004\065\004\100\004\072\004\060}{subsection.4.4}% 57
\BOOKMARK [2][-]{subsection.4.5}{\376\377\004\037\004\076\004\107\004\065\004\074\004\103\000\040\004\075\004\065\000\040\004\077\004\076\004\072\004\060\004\067\004\060\004\102\004\065\004\073\004\114\000\040\004\077\004\100\004\065\004\073\004\076\004\074\004\073\004\065\004\075\004\070\004\117}{section.4}% 58
\BOOKMARK [2][-]{subsection.4.6}{\376\377\004\040\004\065\004\067\004\116\004\074\004\065\000\040\004\100\004\060\004\067\004\064\004\065\004\073\004\060}{section.4}% 59
\BOOKMARK [1][-]{section.5}{\376\377\004\040\004\065\004\102\004\100\004\076\004\064\004\070\004\072\004\106\004\070\004\117\000\040\004\070\000\040\004\077\004\100\004\065\004\064\004\101\004\072\004\060\004\067\004\060\004\075\004\070\004\117}{}% 60
\BOOKMARK [2][-]{subsection.5.1}{\376\377\004\040\004\065\004\102\004\100\004\076\004\064\004\070\004\072\004\106\004\070\004\117\000:\000\040\004\072\004\073\004\060\004\101\004\101\004\070\004\107\004\065\004\101\004\072\004\060\004\117\000\040\004\063\004\100\004\060\004\062\004\070\004\102\004\060\004\106\004\070\004\117\000\040\000\050\0001\0006\0008\0007\040\023\0002\0000\0002\0004\000\051}{section.5}% 61
\BOOKMARK [3][-]{subsubsection.5.1.1}{\376\377\004\041\004\073\004\060\004\061\004\076\004\065\000\040\004\077\004\076\004\073\004\065\000\040\004\070\000\040\004\067\004\060\004\072\004\076\004\075\000\040\004\035\004\114\004\116\004\102\004\076\004\075\004\060}{subsection.5.1}% 62
\BOOKMARK [3][-]{subsubsection.5.1.2}{\376\377\004\040\004\065\004\073\004\117\004\102\004\070\004\062\004\070\004\101\004\102\004\101\004\072\004\070\004\065\000\040\004\077\004\076\004\077\004\100\004\060\004\062\004\072\004\070}{subsection.5.1}% 63
\BOOKMARK [3][-]{subsubsection.5.1.3}{\376\377\004\041\004\070\004\073\004\114\004\075\004\076\004\065\000\040\004\077\004\076\004\073\004\065}{subsection.5.1}% 64
\BOOKMARK [2][-]{subsection.5.2}{\376\377\004\024\004\065\004\072\004\076\004\063\004\065\004\100\004\065\004\075\004\106\004\070\004\117\000\040\004\062\000\040\004\063\004\100\004\060\004\062\004\070\004\102\004\060\004\106\004\070\004\076\004\075\004\075\004\076\004\074\000\040\004\077\004\076\004\073\004\065}{section.5}% 65
\BOOKMARK [3][-]{subsubsection.5.2.1}{\376\377\004\021\004\060\004\067\004\076\004\062\004\113\004\071\000\040\004\074\004\065\004\105\004\060\004\075\004\070\004\067\004\074}{subsection.5.2}% 66
\BOOKMARK [3][-]{subsubsection.5.2.2}{\376\377\004\037\004\100\004\065\004\064\004\101\004\072\004\060\004\067\004\060\004\075\004\070\004\117}{subsection.5.2}% 67
\BOOKMARK [2][-]{subsection.5.3}{\376\377\004\032\004\062\004\060\004\075\004\102\004\076\004\062\004\060\004\075\004\070\004\065\000\040\004\063\004\076\004\100\004\070\004\067\004\076\004\075\004\102\004\076\004\062\000\040\004\107\004\121\004\100\004\075\004\113\004\105\000\040\004\064\004\113\004\100}{section.5}% 68
\BOOKMARK [3][-]{subsubsection.5.3.1}{\376\377\004\022\004\113\004\062\004\076\004\064}{subsection.5.3}% 69
\BOOKMARK [3][-]{subsubsection.5.3.2}{\376\377\004\041\004\062\004\117\004\067\004\114\000\040\004\101\000\040\004\115\004\075\004\102\004\100\004\076\004\077\004\070\004\065\004\071\000\040\004\021\004\065\004\072\004\065\004\075\004\110\004\102\004\065\004\071\004\075\004\060\040\023\004\045\004\076\004\072\004\070\004\075\004\063\004\060}{subsection.5.3}% 70
\BOOKMARK [3][-]{subsubsection.5.3.3}{\376\377\004\035\004\060\004\061\004\073\004\116\004\064\004\060\004\102\004\065\004\073\004\114\004\075\004\060\004\117\000\040\004\077\004\100\004\076\004\062\004\065\004\100\004\072\004\060}{subsection.5.3}% 71
\BOOKMARK [2][-]{subsection.5.4}{\376\377\004\024\004\076\004\077\004\076\004\073\004\075\004\070\004\102\004\065\004\073\004\114\004\075\004\113\004\065\000\040\004\077\004\100\004\076\004\062\004\065\004\100\004\117\004\065\004\074\004\113\004\065\000\040\004\077\004\100\004\065\004\064\004\101\004\072\004\060\004\067\004\060\004\075\004\070\004\117}{section.5}% 72
\BOOKMARK [3][-]{subsubsection.5.4.1}{\376\377\004\032\004\076\004\101\004\074\004\076\004\073\004\076\004\063\004\070\004\117}{subsection.5.4}% 73
\BOOKMARK [3][-]{subsubsection.5.4.2}{\376\377\004\032\004\062\004\060\004\075\004\102\004\076\004\062\004\060\004\117\000\040\004\070\004\075\004\104\004\076\004\100\004\074\004\060\004\106\004\070\004\117}{subsection.5.4}% 74
\BOOKMARK [3][-]{subsubsection.5.4.3}{\376\377\004\055\004\072\004\101\004\077\004\065\004\100\004\070\004\074\004\065\004\075\004\102\004\060\004\073\004\114\004\075\004\113\004\065\000\040\004\077\004\076\004\064\004\077\004\070\004\101\004\070}{subsection.5.4}% 75
\BOOKMARK [2][-]{subsection.5.5}{\376\377\004\040\004\065\004\067\004\116\004\074\004\065\000\040\004\100\004\060\004\067\004\064\004\065\004\073\004\060\000\040\0005}{section.5}% 76
\BOOKMARK [1][-]{section.6}{\376\377\004\036\004\061\004\101\004\103\004\066\004\064\004\065\004\075\004\070\004\065\000\040\004\070\000\040\004\062\004\113\004\062\004\076\004\064\004\113}{}% 77
\BOOKMARK [2][-]{subsection.6.1}{\376\377\004\036\004\075\004\102\004\076\004\073\004\076\004\063\004\070\004\107\004\065\004\101\004\072\004\070\004\071\000\040\004\101\004\102\004\060\004\102\004\103\004\101\000\040\004\102\004\065\004\076\004\100\004\070\004\070}{section.6}% 78
\BOOKMARK [3][-]{subsubsection.6.1.1}{\376\377\004\032\004\073\004\116\004\107\004\065\004\062\004\113\004\065\000\040\004\076\004\075\004\102\004\076\004\073\004\076\004\063\004\070\004\107\004\065\004\101\004\072\004\070\004\065\000\040\004\103\004\102\004\062\004\065\004\100\004\066\004\064\004\065\004\075\004\070\004\117}{subsection.6.1}% 79
\BOOKMARK [2][-]{subsection.6.2}{\376\377\004\041\004\100\004\060\004\062\004\075\004\065\004\075\004\070\004\065\000\040\004\101\000\040\004\076\004\061\004\111\004\065\004\071\000\040\004\102\004\065\004\076\004\100\004\070\004\065\004\071\000\040\004\076\004\102\004\075\004\076\004\101\004\070\004\102\004\065\004\073\004\114\004\075\004\076\004\101\004\102\004\070}{section.6}% 80
\BOOKMARK [3][-]{subsubsection.6.2.1}{\376\377\004\032\004\076\004\075\004\106\004\065\004\077\004\102\004\103\004\060\004\073\004\114\004\075\004\113\004\065\000\040\004\100\004\060\004\067\004\073\004\070\004\107\004\070\004\117}{subsection.6.2}% 81
\BOOKMARK [3][-]{subsubsection.6.2.2}{\376\377\004\041\004\073\004\060\004\061\004\076\004\065\000\040\004\077\004\076\004\073\004\065\000:\000\040\004\115\004\072\004\062\004\070\004\062\004\060\004\073\004\065\004\075\004\102\004\075\004\076\004\101\004\102\004\114}{subsection.6.2}% 82
\BOOKMARK [3][-]{subsubsection.6.2.3}{\376\377\004\041\004\070\004\073\004\114\004\075\004\076\004\065\000\040\004\077\004\076\004\073\004\065\000:\000\040\004\062\004\076\004\067\004\074\004\076\004\066\004\075\004\113\004\065\000\040\004\076\004\102\004\072\004\073\004\076\004\075\004\065\004\075\004\070\004\117}{subsection.6.2}% 83
\BOOKMARK [2][-]{subsection.6.3}{\376\377\004\041\004\100\004\060\004\062\004\075\004\065\004\075\004\070\004\065\000\040\004\101\000\040\004\064\004\100\004\103\004\063\004\070\004\074\004\070\000\040\004\077\004\076\004\064\004\105\004\076\004\064\004\060\004\074\004\070\000\040\004\072\000\040\004\072\004\062\004\060\004\075\004\102\004\076\004\062\004\076\004\071\000\040\004\063\004\100\004\060\004\062\004\070\004\102\004\060\004\106\004\070\004\070}{section.6}% 84
\BOOKMARK [3][-]{subsubsection.6.3.1}{\376\377\004\041\004\102\004\100\004\103\004\075\004\075\004\060\004\117\000\040\004\102\004\065\004\076\004\100\004\070\004\117}{subsection.6.3}% 85
\BOOKMARK [3][-]{subsubsection.6.3.2}{\376\377\004\037\004\065\004\102\004\073\004\065\004\062\004\060\004\117\000\040\004\072\004\062\004\060\004\075\004\102\004\076\004\062\004\060\004\117\000\040\004\063\004\100\004\060\004\062\004\070\004\102\004\060\004\106\004\070\004\117\000\040\000\050\000L\000Q\000G\000\051}{subsection.6.3}% 86
\BOOKMARK [3][-]{subsubsection.6.3.3}{\376\377\004\037\004\100\004\070\004\107\004\070\004\075\004\075\004\060\004\117\000\040\004\064\004\070\004\075\004\060\004\074\004\070\004\107\004\065\004\101\004\072\004\060\004\117\000\040\004\102\004\100\004\070\004\060\004\075\004\063\004\103\004\073\004\117\004\106\004\070\004\117\000\040\000\050\000C\000D\000T\000\051}{subsection.6.3}% 87
\BOOKMARK [3][-]{subsubsection.6.3.4}{\376\377\004\055\004\074\004\065\004\100\004\064\004\066\004\065\004\075\004\102\004\075\004\060\004\117\000\040\004\063\004\100\004\060\004\062\004\070\004\102\004\060\004\106\004\070\004\117\000\040\004\022\004\065\004\100\004\073\004\070\004\075\004\064\004\065}{subsection.6.3}% 88
\BOOKMARK [2][-]{subsection.6.4}{\376\377\004\044\004\070\004\073\004\076\004\101\004\076\004\104\004\101\004\072\004\070\004\065\000\040\004\070\004\074\004\077\004\073\004\070\004\072\004\060\004\106\004\070\004\070}{section.6}% 89
\BOOKMARK [3][-]{subsubsection.6.4.1}{\376\377\004\040\004\065\004\060\004\073\004\070\004\067\004\074\000\040\000v\000s\000\040\004\070\004\075\004\101\004\102\004\100\004\103\004\074\004\065\004\075\004\102\004\060\004\073\004\070\004\067\004\074}{subsection.6.4}% 90
\BOOKMARK [3][-]{subsubsection.6.4.2}{\376\377\004\037\004\100\004\076\004\061\004\073\004\065\004\074\004\060\000\040\004\070\004\067\004\074\004\065\004\100\004\065\004\075\004\070\004\117}{subsection.6.4}% 91
\BOOKMARK [3][-]{subsubsection.6.4.3}{\376\377\004\024\004\065\004\102\004\065\004\100\004\074\004\070\004\075\004\070\004\067\004\074\000\040\004\070\000\040\004\101\004\062\004\076\004\061\004\076\004\064\004\060\000\040\004\062\004\076\004\073\004\070}{subsection.6.4}% 92
\BOOKMARK [3][-]{subsubsection.6.4.4}{\376\377\004\025\004\064\004\070\004\075\004\101\004\102\004\062\004\076\000\040\004\104\004\070\004\067\004\070\004\072\004\070}{subsection.6.4}% 93
\BOOKMARK [2][-]{subsection.6.5}{\376\377\004\036\004\063\004\100\004\060\004\075\004\070\004\107\004\065\004\075\004\070\004\117\000\040\004\102\004\065\004\072\004\103\004\111\004\065\004\063\004\076\000\040\004\104\004\076\004\100\004\074\004\060\004\073\004\070\004\067\004\074\004\060}{section.6}% 94
\BOOKMARK [3][-]{subsubsection.6.5.1}{\376\377\004\035\004\065\004\100\004\065\004\073\004\117\004\102\004\070\004\062\004\070\004\101\004\102\004\101\004\072\004\076\004\065\000\040\004\077\004\100\004\070\004\061\004\073\004\070\004\066\004\065\004\075\004\070\004\065}{subsection.6.5}% 95
\BOOKMARK [3][-]{subsubsection.6.5.2}{\376\377\004\032\004\076\004\101\004\074\004\076\004\073\004\076\004\063\004\070\004\107\004\065\004\101\004\072\004\060\004\117\000\040\004\077\004\076\004\101\004\102\004\076\004\117\004\075\004\075\004\060\004\117}{subsection.6.5}% 96
\BOOKMARK [3][-]{subsubsection.6.5.3}{\376\377\004\024\004\070\004\075\004\060\004\074\004\070\004\072\004\060\000\040\000\050\000t\000\051}{subsection.6.5}% 97
\BOOKMARK [3][-]{subsubsection.6.5.4}{\376\377\004\037\004\100\004\070\004\107\004\070\004\075\004\075\004\076\004\101\004\102\004\114\000\040\004\070\000\040\004\075\004\065\004\073\004\076\004\072\004\060\004\073\004\114\004\075\004\076\004\101\004\102\004\114}{subsection.6.5}% 98
\BOOKMARK [2][-]{subsection.6.6}{\376\377\004\036\004\102\004\072\004\100\004\113\004\102\004\113\004\065\000\040\004\062\004\076\004\077\004\100\004\076\004\101\004\113}{section.6}% 99
\BOOKMARK [2][-]{subsection.6.7}{\376\377\004\022\004\113\004\062\004\076\004\064\004\113}{section.6}% 100
\BOOKMARK [1][-]{appendix.A}{\376\377\004\022\004\113\004\062\004\076\004\064\000\040\000G\000\040\004\070\004\067\000\040\004\102\004\065\004\100\004\074\004\076\004\064\004\070\004\075\004\060\004\074\004\070\004\072\004\070\000\040\004\100\004\060\004\067\004\073\004\070\004\107\004\065\004\075\004\070\004\117}{}% 101
\BOOKMARK [2][-]{subsection.A.1}{\376\377\000A\000.\0001\000.\000\040\004\037\004\076\004\101\004\102\004\060\004\075\004\076\004\062\004\072\004\060\000\040\004\067\004\060\004\064\004\060\004\107\004\070}{appendix.A}% 102
\BOOKMARK [2][-]{subsection.A.2}{\376\377\000A\000.\0002\000.\000\040\004\055\004\075\004\102\004\100\004\076\004\077\004\070\004\117\000\040\004\107\004\121\004\100\004\075\004\076\004\071\000\040\004\064\004\113\004\100\004\113}{appendix.A}% 103
\BOOKMARK [2][-]{subsection.A.3}{\376\377\000A\000.\0003\000.\000\040\004\032\004\062\004\060\004\075\004\102\004\076\004\062\004\060\004\075\004\070\004\065\000\040\004\077\004\073\004\076\004\111\004\060\004\064\004\070}{appendix.A}% 104
\BOOKMARK [2][-]{subsection.A.4}{\376\377\000A\000.\0004\000.\000\040\004\041\004\062\004\117\004\067\004\114\000\040\004\101\000\040\004\072\004\062\004\060\004\075\004\102\004\076\004\074\000\040\004\064\004\065\004\071\004\101\004\102\004\062\004\070\004\117}{appendix.A}% 105
